<?xml version="1.0" encoding="UTF-8"?>
<!-- Generated by org.testng.reporters.JUnitXMLReporter -->
<testsuite ignored="0" hostname="DESKTOP-7A5CLN9" failures="1" tests="3" name="Test" time="50.692" errors="0" timestamp="2023-07-26T06:50:16 GMT-07:00">
  <testcase classname="mGroupProject.Amazon" name="AmazonTest" time="20.578"/>
  <testcase classname="mGroupProject.Flipkart" name="FlipkartTest" time="7.517">
    <failure type="java.lang.AssertionError" message="null">
      <![CDATA[java.lang.AssertionError: null
at mGroupProject.Flipkart.FlipkartTest(Flipkart.java:17)
at java.base/java.util.ArrayList.forEach(ArrayList.java:1511)
... Removed 27 stack frames]]>
    </failure>
  </testcase> <!-- FlipkartTest -->
  <testcase classname="mGroupProject.Ajio" name="AjioTest" time="18.862"/>
</testsuite> <!-- Test -->
